# JRE version: Java(TM) SE Runtime Environment (8.0_201-b09) (build 1.8.0_201-b09)
# Java VM: Java HotSpot(TM) 64-Bit Server VM (25.201-b09 mixed mode windows-amd64 compressed oops)
Heap:
 PSYoungGen      total 326144K, used 197613K [0x00000000d5980000, 0x00000000eaa00000, 0x0000000100000000)
  eden space 307712K, 64% used [0x00000000d5980000,0x00000000e1a7b670,0x00000000e8600000)
  from space 18432K, 0% used [0x00000000e9800000,0x00000000e9800000,0x00000000eaa00000)
  to   space 18432K, 0% used [0x00000000e8600000,0x00000000e8600000,0x00000000e9800000)
 ParOldGen       total 114176K, used 28907K [0x0000000080c00000, 0x0000000087b80000, 0x00000000d5980000)
  object space 114176K, 25% used [0x0000000080c00000,0x000000008283ad30,0x0000000087b80000)
 Metaspace       used 61883K, capacity 66087K, committed 66224K, reserved 1105920K
  class space    used 8884K, capacity 9607K, committed 9648K, reserved 1048576K
GC Heap History (10 events):
Event: 1307.942 GC heap before
{Heap before GC invocations=17 (full 5):
 PSYoungGen      total 326144K, used 4761K [0x00000000d5980000, 0x00000000eab00000, 0x0000000100000000)
  eden space 307712K, 0% used [0x00000000d5980000,0x00000000d5980000,0x00000000e8600000)
  from space 18432K, 25% used [0x00000000e9900000,0x00000000e9da6658,0x00000000eab00000)
  to   space 18944K, 0% used [0x00000000e8600000,0x00000000e8600000,0x00000000e9880000)
 ParOldGen       total 114176K, used 23666K [0x0000000080c00000, 0x0000000087b80000, 0x00000000d5980000)
  object space 114176K, 20% used [0x0000000080c00000,0x000000008231c970,0x0000000087b80000)
 Metaspace       used 60882K, capacity 64781K, committed 65072K, reserved 1105920K
  class space    used 8771K, capacity 9436K, committed 9520K, reserved 1048576K
Event: 1308.110 GC heap after
Heap after GC invocations=17 (full 5):
 PSYoungGen      total 326144K, used 0K [0x00000000d5980000, 0x00000000eab00000, 0x0000000100000000)
  eden space 307712K, 0% used [0x00000000d5980000,0x00000000d5980000,0x00000000e8600000)
  from space 18432K, 0% used [0x00000000e9900000,0x00000000e9900000,0x00000000eab00000)
  to   space 18944K, 0% used [0x00000000e8600000,0x00000000e8600000,0x00000000e9880000)
 ParOldGen       total 114176K, used 24170K [0x0000000080c00000, 0x0000000087b80000, 0x00000000d5980000)
  object space 114176K, 21% used [0x0000000080c00000,0x000000008239a838,0x0000000087b80000)
 Metaspace       used 60882K, capacity 64781K, committed 65072K, reserved 1105920K
  class space    used 8771K, capacity 9436K, committed 9520K, reserved 1048576K
}
Event: 1599.609 GC heap before
{Heap before GC invocations=18 (full 5):
 PSYoungGen      total 326144K, used 196370K [0x00000000d5980000, 0x00000000eab00000, 0x0000000100000000)
  eden space 307712K, 63% used [0x00000000d5980000,0x00000000e1944bb0,0x00000000e8600000)
  from space 18432K, 0% used [0x00000000e9900000,0x00000000e9900000,0x00000000eab00000)
  to   space 18944K, 0% used [0x00000000e8600000,0x00000000e8600000,0x00000000e9880000)
 ParOldGen       total 114176K, used 24170K [0x0000000080c00000, 0x0000000087b80000, 0x00000000d5980000)
  object space 114176K, 21% used [0x0000000080c00000,0x000000008239a838,0x0000000087b80000)
 Metaspace       used 61242K, capacity 65321K, committed 65584K, reserved 1105920K
  class space    used 8814K, capacity 9503K, committed 9520K, reserved 1048576K
Event: 1599.615 GC heap after
Heap after GC invocations=18 (full 5):
 PSYoungGen      total 312832K, used 4736K [0x00000000d5980000, 0x00000000eaa00000, 0x0000000100000000)
  eden space 307712K, 0% used [0x00000000d5980000,0x00000000d5980000,0x00000000e8600000)
  from space 5120K, 92% used [0x00000000e8600000,0x00000000e8aa01d0,0x00000000e8b00000)
  to   space 18432K, 0% used [0x00000000e9800000,0x00000000e9800000,0x00000000eaa00000)
 ParOldGen       total 114176K, used 24178K [0x0000000080c00000, 0x0000000087b80000, 0x00000000d5980000)
  object space 114176K, 21% used [0x0000000080c00000,0x000000008239c838,0x0000000087b80000)
 Metaspace       used 61242K, capacity 65321K, committed 65584K, reserved 1105920K
  class space    used 8814K, capacity 9503K, committed 9520K, reserved 1048576K
}
Event: 1599.615 GC heap before
{Heap before GC invocations=19 (full 6):
 PSYoungGen      total 312832K, used 4736K [0x00000000d5980000, 0x00000000eaa00000, 0x0000000100000000)
  eden space 307712K, 0% used [0x00000000d5980000,0x00000000d5980000,0x00000000e8600000)
  from space 5120K, 92% used [0x00000000e8600000,0x00000000e8aa01d0,0x00000000e8b00000)
  to   space 18432K, 0% used [0x00000000e9800000,0x00000000e9800000,0x00000000eaa00000)
 ParOldGen       total 114176K, used 24178K [0x0000000080c00000, 0x0000000087b80000, 0x00000000d5980000)
  object space 114176K, 21% used [0x0000000080c00000,0x000000008239c838,0x0000000087b80000)
 Metaspace       used 61242K, capacity 65321K, committed 65584K, reserved 1105920K
  class space    used 8814K, capacity 9503K, committed 9520K, reserved 1048576K
Event: 1599.816 GC heap after
Heap after GC invocations=19 (full 6):
 PSYoungGen      total 312832K, used 0K [0x00000000d5980000, 0x00000000eaa00000, 0x0000000100000000)
  eden space 307712K, 0% used [0x00000000d5980000,0x00000000d5980000,0x00000000e8600000)
  from space 5120K, 0% used [0x00000000e8600000,0x00000000e8600000,0x00000000e8b00000)
  to   space 18432K, 0% used [0x00000000e9800000,0x00000000e9800000,0x00000000eaa00000)
 ParOldGen       total 114176K, used 26531K [0x0000000080c00000, 0x0000000087b80000, 0x00000000d5980000)
  object space 114176K, 23% used [0x0000000080c00000,0x00000000825e8f00,0x0000000087b80000)
 Metaspace       used 61242K, capacity 65321K, committed 65584K, reserved 1105920K
  class space    used 8814K, capacity 9503K, committed 9520K, reserved 1048576K
}
Event: 1949.955 GC heap before
{Heap before GC invocations=20 (full 6):
 PSYoungGen      total 312832K, used 195761K [0x00000000d5980000, 0x00000000eaa00000, 0x0000000100000000)
  eden space 307712K, 63% used [0x00000000d5980000,0x00000000e18ac658,0x00000000e8600000)
  from space 5120K, 0% used [0x00000000e8600000,0x00000000e8600000,0x00000000e8b00000)
  to   space 18432K, 0% used [0x00000000e9800000,0x00000000e9800000,0x00000000eaa00000)
 ParOldGen       total 114176K, used 26531K [0x0000000080c00000, 0x0000000087b80000, 0x00000000d5980000)
  object space 114176K, 23% used [0x0000000080c00000,0x00000000825e8f00,0x0000000087b80000)
 Metaspace       used 61590K, capacity 65771K, committed 65968K, reserved 1105920K
  class space    used 8855K, capacity 9567K, committed 9648K, reserved 1048576K
Event: 1949.960 GC heap after
Heap after GC invocations=20 (full 6):
 PSYoungGen      total 326144K, used 4737K [0x00000000d5980000, 0x00000000eaa00000, 0x0000000100000000)
  eden space 307712K, 0% used [0x00000000d5980000,0x00000000d5980000,0x00000000e8600000)
  from space 18432K, 25% used [0x00000000e9800000,0x00000000e9ca0758,0x00000000eaa00000)
  to   space 18432K, 0% used [0x00000000e8600000,0x00000000e8600000,0x00000000e9800000)
 ParOldGen       total 114176K, used 26539K [0x0000000080c00000, 0x0000000087b80000, 0x00000000d5980000)
  object space 114176K, 23% used [0x0000000080c00000,0x00000000825eaf00,0x0000000087b80000)
 Metaspace       used 61590K, capacity 65771K, committed 65968K, reserved 1105920K
  class space    used 8855K, capacity 9567K, committed 9648K, reserved 1048576K
}
Event: 1949.960 GC heap before
{Heap before GC invocations=21 (full 7):
 PSYoungGen      total 326144K, used 4737K [0x00000000d5980000, 0x00000000eaa00000, 0x0000000100000000)
  eden space 307712K, 0% used [0x00000000d5980000,0x00000000d5980000,0x00000000e8600000)
  from space 18432K, 25% used [0x00000000e9800000,0x00000000e9ca0758,0x00000000eaa00000)
  to   space 18432K, 0% used [0x00000000e8600000,0x00000000e8600000,0x00000000e9800000)
 ParOldGen       total 114176K, used 26539K [0x0000000080c00000, 0x0000000087b80000, 0x00000000d5980000)
  object space 114176K, 23% used [0x0000000080c00000,0x00000000825eaf00,0x0000000087b80000)
 Metaspace       used 61590K, capacity 65771K, committed 65968K, reserved 1105920K
  class space    used 8855K, capacity 9567K, committed 9648K, reserved 1048576K
Event: 1950.116 GC heap after
Heap after GC invocations=21 (full 7):
 PSYoungGen      total 326144K, used 0K [0x00000000d5980000, 0x00000000eaa00000, 0x0000000100000000)
  eden space 307712K, 0% used [0x00000000d5980000,0x00000000d5980000,0x00000000e8600000)
  from space 18432K, 0% used [0x00000000e9800000,0x00000000e9800000,0x00000000eaa00000)
  to   space 18432K, 0% used [0x00000000e8600000,0x00000000e8600000,0x00000000e9800000)
 ParOldGen       total 114176K, used 28907K [0x0000000080c00000, 0x0000000087b80000, 0x00000000d5980000)
  object space 114176K, 25% used [0x0000000080c00000,0x000000008283ad30,0x0000000087b80000)
 Metaspace       used 61590K, capacity 65771K, committed 65968K, reserved 1105920K
  class space    used 8855K, capacity 9567K, committed 9648K, reserved 1048576K
}

